d:\petulant-octo-cyril\escape_v2\escape_v2\debug\aabb.obj
d:\petulant-octo-cyril\escape_v2\escape_v2\debug\color3f.obj
d:\petulant-octo-cyril\escape_v2\escape_v2\debug\point2i.obj
d:\petulant-octo-cyril\escape_v2\escape_v2\debug\vec2f.obj
d:\petulant-octo-cyril\escape_v2\escape_v2\debug\convexhull.obj
d:\petulant-octo-cyril\escape_v2\escape_v2\debug\emissivelight.obj
d:\petulant-octo-cyril\escape_v2\escape_v2\debug\light.obj
d:\petulant-octo-cyril\escape_v2\escape_v2\debug\lightsystem.obj
d:\petulant-octo-cyril\escape_v2\escape_v2\debug\light_point.obj
d:\petulant-octo-cyril\escape_v2\escape_v2\debug\shadowfin.obj
d:\petulant-octo-cyril\escape_v2\escape_v2\debug\quadtree.obj
d:\petulant-octo-cyril\escape_v2\escape_v2\debug\quadtreenode.obj
d:\petulant-octo-cyril\escape_v2\escape_v2\debug\quadtreeoccupant.obj
d:\petulant-octo-cyril\escape_v2\escape_v2\debug\staticquadtree.obj
d:\petulant-octo-cyril\escape_v2\escape_v2\debug\utils.obj
d:\petulant-octo-cyril\escape_v2\escape_v2\debug\vc110.pdb
d:\petulant-octo-cyril\escape_v2\escape_v2\debug\key.obj
d:\petulant-octo-cyril\escape_v2\escape_v2\debug\keymanager.obj
d:\petulant-octo-cyril\escape_v2\escape_v2\debug\level.obj
d:\petulant-octo-cyril\escape_v2\escape_v2\debug\lightmanager.obj
d:\petulant-octo-cyril\escape_v2\escape_v2\debug\loadingstate.obj
d:\petulant-octo-cyril\escape_v2\escape_v2\debug\main.obj
d:\petulant-octo-cyril\escape_v2\escape_v2\debug\optionsstate.obj
d:\petulant-octo-cyril\escape_v2\escape_v2\debug\pathfinding.obj
d:\petulant-octo-cyril\escape_v2\escape_v2\debug\playerobject.obj
d:\petulant-octo-cyril\escape_v2\escape_v2\debug\searchcell.obj
d:\petulant-octo-cyril\escape_v2\escape_v2\debug\settings.obj
d:\petulant-octo-cyril\escape_v2\escape_v2\debug\soundmanager.obj
d:\petulant-octo-cyril\escape_v2\escape_v2\debug\soundripple.obj
d:\petulant-octo-cyril\escape_v2\escape_v2\debug\soundripplemanager.obj
d:\petulant-octo-cyril\escape_v2\escape_v2\debug\spritemanager.obj
d:\petulant-octo-cyril\escape_v2\escape_v2\debug\startmenustate.obj
d:\petulant-octo-cyril\escape_v2\escape_v2\debug\state.obj
d:\petulant-octo-cyril\escape_v2\escape_v2\debug\statemanager.obj
d:\petulant-octo-cyril\escape_v2\escape_v2\debug\stdafx.obj
d:\petulant-octo-cyril\escape_v2\escape_v2\debug\wallmanager.obj
d:\petulant-octo-cyril\escape_v2\escape_v2\debug\animatedsprite.obj
d:\petulant-octo-cyril\escape_v2\escape_v2\debug\background.obj
d:\petulant-octo-cyril\escape_v2\escape_v2\debug\collisionmanager.obj
d:\petulant-octo-cyril\escape_v2\escape_v2\debug\creditstate.obj
d:\petulant-octo-cyril\escape_v2\escape_v2\debug\door.obj
d:\petulant-octo-cyril\escape_v2\escape_v2\debug\doormanager.obj
d:\petulant-octo-cyril\escape_v2\escape_v2\debug\engine.obj
d:\petulant-octo-cyril\escape_v2\escape_v2\debug\furniture.obj
d:\petulant-octo-cyril\escape_v2\escape_v2\debug\furnituremanager.obj
d:\petulant-octo-cyril\escape_v2\escape_v2\debug\gamestate.obj
d:\petulant-octo-cyril\escape_v2\escape_v2\debug\grid2d.obj
d:\petulant-octo-cyril\escape_v2\escape_v2\debug\guard.obj
d:\petulant-octo-cyril\escape_v2\escape_v2\debug\guardinvestigatestate.obj
d:\petulant-octo-cyril\escape_v2\escape_v2\debug\guardpatrolstate.obj
d:\petulant-octo-cyril\escape_v2\escape_v2\debug\guardsearchstate.obj
d:\petulant-octo-cyril\escape_v2\escape_v2\debug\guardshootingstate.obj
d:\petulant-octo-cyril\escape_v2\escape_v2\debug\guardstatemanager.obj
d:\petulant-octo-cyril\escape_v2\escape_v2\debug\hullmanager.obj
d:\petulant-octo-cyril\escape_v2\escape_v2\debug\inputmanager.obj
d:\petulant-octo-cyril\escape_v2\escape_v2\debug\guardchasestate.obj
d:\petulant-octo-cyril\escape_v2\escape_v2\debug\gui.obj
d:\petulant-octo-cyril\escape_v2\debug\escape_v2.ilk
d:\petulant-octo-cyril\escape_v2\debug\escape_v2.exe
d:\petulant-octo-cyril\escape_v2\debug\escape_v2.pdb
d:\petulant-octo-cyril\escape_v2\escape_v2\debug\cl.command.1.tlog
d:\petulant-octo-cyril\escape_v2\escape_v2\debug\cl.read.1.tlog
d:\petulant-octo-cyril\escape_v2\escape_v2\debug\cl.write.1.tlog
d:\petulant-octo-cyril\escape_v2\escape_v2\debug\link-cvtres.read.1.tlog
d:\petulant-octo-cyril\escape_v2\escape_v2\debug\link-cvtres.write.1.tlog
d:\petulant-octo-cyril\escape_v2\escape_v2\debug\link-rc.read.1.tlog
d:\petulant-octo-cyril\escape_v2\escape_v2\debug\link-rc.write.1.tlog
d:\petulant-octo-cyril\escape_v2\escape_v2\debug\link.4116-cvtres.read.1.tlog
d:\petulant-octo-cyril\escape_v2\escape_v2\debug\link.4116-cvtres.write.1.tlog
d:\petulant-octo-cyril\escape_v2\escape_v2\debug\link.4116-rc.read.1.tlog
d:\petulant-octo-cyril\escape_v2\escape_v2\debug\link.4116-rc.write.1.tlog
d:\petulant-octo-cyril\escape_v2\escape_v2\debug\link.4116.read.1.tlog
d:\petulant-octo-cyril\escape_v2\escape_v2\debug\link.4116.write.1.tlog
d:\petulant-octo-cyril\escape_v2\escape_v2\debug\link.4424-cvtres.read.1.tlog
d:\petulant-octo-cyril\escape_v2\escape_v2\debug\link.4424-cvtres.write.1.tlog
d:\petulant-octo-cyril\escape_v2\escape_v2\debug\link.4424-rc.read.1.tlog
d:\petulant-octo-cyril\escape_v2\escape_v2\debug\link.4424-rc.write.1.tlog
d:\petulant-octo-cyril\escape_v2\escape_v2\debug\link.4424.read.1.tlog
d:\petulant-octo-cyril\escape_v2\escape_v2\debug\link.4424.write.1.tlog
d:\petulant-octo-cyril\escape_v2\escape_v2\debug\link.552-cvtres.read.1.tlog
d:\petulant-octo-cyril\escape_v2\escape_v2\debug\link.552-cvtres.write.1.tlog
d:\petulant-octo-cyril\escape_v2\escape_v2\debug\link.552-rc.read.1.tlog
d:\petulant-octo-cyril\escape_v2\escape_v2\debug\link.552-rc.write.1.tlog
d:\petulant-octo-cyril\escape_v2\escape_v2\debug\link.552.read.1.tlog
d:\petulant-octo-cyril\escape_v2\escape_v2\debug\link.552.write.1.tlog
d:\petulant-octo-cyril\escape_v2\escape_v2\debug\link.5548-cvtres.read.1.tlog
d:\petulant-octo-cyril\escape_v2\escape_v2\debug\link.5548-cvtres.write.1.tlog
d:\petulant-octo-cyril\escape_v2\escape_v2\debug\link.5548-rc.read.1.tlog
d:\petulant-octo-cyril\escape_v2\escape_v2\debug\link.5548-rc.write.1.tlog
d:\petulant-octo-cyril\escape_v2\escape_v2\debug\link.5548.read.1.tlog
d:\petulant-octo-cyril\escape_v2\escape_v2\debug\link.5548.write.1.tlog
d:\petulant-octo-cyril\escape_v2\escape_v2\debug\link.7204-cvtres.read.1.tlog
d:\petulant-octo-cyril\escape_v2\escape_v2\debug\link.7204-cvtres.write.1.tlog
d:\petulant-octo-cyril\escape_v2\escape_v2\debug\link.7204-rc.read.1.tlog
d:\petulant-octo-cyril\escape_v2\escape_v2\debug\link.7204-rc.write.1.tlog
d:\petulant-octo-cyril\escape_v2\escape_v2\debug\link.7204.read.1.tlog
d:\petulant-octo-cyril\escape_v2\escape_v2\debug\link.7204.write.1.tlog
d:\petulant-octo-cyril\escape_v2\escape_v2\debug\link.7772-cvtres.read.1.tlog
d:\petulant-octo-cyril\escape_v2\escape_v2\debug\link.7772-cvtres.write.1.tlog
d:\petulant-octo-cyril\escape_v2\escape_v2\debug\link.7772-rc.read.1.tlog
d:\petulant-octo-cyril\escape_v2\escape_v2\debug\link.7772-rc.write.1.tlog
d:\petulant-octo-cyril\escape_v2\escape_v2\debug\link.7772.read.1.tlog
d:\petulant-octo-cyril\escape_v2\escape_v2\debug\link.7772.write.1.tlog
d:\petulant-octo-cyril\escape_v2\escape_v2\debug\link.7920-cvtres.read.1.tlog
d:\petulant-octo-cyril\escape_v2\escape_v2\debug\link.7920-cvtres.write.1.tlog
d:\petulant-octo-cyril\escape_v2\escape_v2\debug\link.7920-rc.read.1.tlog
d:\petulant-octo-cyril\escape_v2\escape_v2\debug\link.7920-rc.write.1.tlog
d:\petulant-octo-cyril\escape_v2\escape_v2\debug\link.7920.read.1.tlog
d:\petulant-octo-cyril\escape_v2\escape_v2\debug\link.7920.write.1.tlog
d:\petulant-octo-cyril\escape_v2\escape_v2\debug\link.8732-cvtres.read.1.tlog
d:\petulant-octo-cyril\escape_v2\escape_v2\debug\link.8732-cvtres.write.1.tlog
d:\petulant-octo-cyril\escape_v2\escape_v2\debug\link.8732-rc.read.1.tlog
d:\petulant-octo-cyril\escape_v2\escape_v2\debug\link.8732-rc.write.1.tlog
d:\petulant-octo-cyril\escape_v2\escape_v2\debug\link.8732.read.1.tlog
d:\petulant-octo-cyril\escape_v2\escape_v2\debug\link.8732.write.1.tlog
d:\petulant-octo-cyril\escape_v2\escape_v2\debug\link.command.1.tlog
d:\petulant-octo-cyril\escape_v2\escape_v2\debug\link.read.1.tlog
d:\petulant-octo-cyril\escape_v2\escape_v2\debug\link.write.1.tlog
d:\petulant-octo-cyril\escape_v2\escape_v2\debug\vc110.idb
