Project file contains ToolsVersion="12.0". This toolset may be unknown or missing, in which case you may be able to resolve this by installing the appropriate version of MSBuild, or the build may have been forced to a particular ToolsVersion for policy reasons. Treating the project as if it had ToolsVersion="4.0". For more information, please see http://go.microsoft.com/fwlink/?LinkId=291333.
  AABB.cpp
  Color3f.cpp
  Point2i.cpp
  Vec2f.cpp
  ConvexHull.cpp
  EmissiveLight.cpp
  Light.cpp
  LightSystem.cpp
  Light_Point.cpp
  ShadowFin.cpp
  QuadTree.cpp
  QuadTreeNode.cpp
  QuadTreeOccupant.cpp
  StaticQuadTree.cpp
  Utils.cpp
  AnimatedSprite.cpp
  Background.cpp
  CollisionManager.cpp
c:\users\rullis\documents\github\petulant-octo-cyril\escape_v2\escape_v2\Furniture.h(20): warning C4520: 'Furniture' : multiple default constructors specified
CollisionManager.cpp(30): warning C4018: '<' : signed/unsigned mismatch
CollisionManager.cpp(97): warning C4018: '<' : signed/unsigned mismatch
CollisionManager.cpp(242): warning C4018: '<' : signed/unsigned mismatch
CollisionManager.cpp(308): warning C4018: '<' : signed/unsigned mismatch
  CreditState.cpp
CreditState.cpp(19): warning C4244: 'argument' : conversion from 'unsigned int' to 'float', possible loss of data
  Door.cpp
Door.cpp(7): warning C4305: 'initializing' : truncation from 'double' to 'const float'
Door.cpp(19): warning C4244: 'argument' : conversion from 'int' to 'float', possible loss of data
Door.cpp(20): warning C4244: 'argument' : conversion from 'int' to 'float', possible loss of data
Door.cpp(66): warning C4244: 'argument' : conversion from 'int' to 'float', possible loss of data
Door.cpp(67): warning C4244: '=' : conversion from 'float' to 'int', possible loss of data
Door.cpp(81): warning C4244: 'initializing' : conversion from 'float' to 'int', possible loss of data
Door.cpp(87): warning C4244: 'argument' : conversion from 'int' to 'float', possible loss of data
Door.cpp(88): warning C4244: '=' : conversion from 'float' to 'int', possible loss of data
Door.cpp(92): warning C4244: 'argument' : conversion from 'int' to 'float', possible loss of data
Door.cpp(93): warning C4244: '=' : conversion from 'float' to 'int', possible loss of data
  Compiling...
  DoorManager.cpp
DoorManager.cpp(12): warning C4305: 'initializing' : truncation from 'double' to 'const float'
DoorManager.cpp(27): warning C4018: '>=' : signed/unsigned mismatch
DoorManager.cpp(61): warning C4018: '<' : signed/unsigned mismatch
DoorManager.cpp(78): warning C4018: '<' : signed/unsigned mismatch
DoorManager.cpp(219): warning C4018: '<' : signed/unsigned mismatch
  Engine.cpp
  Furniture.cpp
c:\users\rullis\documents\github\petulant-octo-cyril\escape_v2\escape_v2\Furniture.h(20): warning C4520: 'Furniture' : multiple default constructors specified
  FurnitureManager.cpp
c:\users\rullis\documents\github\petulant-octo-cyril\escape_v2\escape_v2\Furniture.h(20): warning C4520: 'Furniture' : multiple default constructors specified
FurnitureManager.cpp(12): warning C4305: 'initializing' : truncation from 'double' to 'const float'
FurnitureManager.cpp(112): warning C4244: 'argument' : conversion from 'int' to 'float', possible loss of data
FurnitureManager.cpp(113): warning C4244: 'argument' : conversion from 'int' to 'float', possible loss of data
FurnitureManager.cpp(118): warning C4244: 'argument' : conversion from 'int' to 'float', possible loss of data
FurnitureManager.cpp(133): warning C4018: '<' : signed/unsigned mismatch
  GameState.cpp
GameState.cpp(46): warning C4244: 'argument' : conversion from 'unsigned int' to 'float', possible loss of data
GameState.cpp(93): warning C4018: '<' : signed/unsigned mismatch
GameState.cpp(196): warning C4018: '<' : signed/unsigned mismatch
GameState.cpp(209): warning C4244: '=' : conversion from 'int' to 'float', possible loss of data
GameState.cpp(339): warning C4018: '<' : signed/unsigned mismatch
GameState.cpp(348): warning C4018: '<' : signed/unsigned mismatch
  Grid2D.cpp
Grid2D.cpp(17): warning C4244: 'initializing' : conversion from 'float' to 'int', possible loss of data
Grid2D.cpp(18): warning C4244: 'initializing' : conversion from 'float' to 'int', possible loss of data
Grid2D.cpp(22): warning C4018: '<' : signed/unsigned mismatch
Grid2D.cpp(24): warning C4018: '<' : signed/unsigned mismatch
Grid2D.cpp(38): warning C4018: '<' : signed/unsigned mismatch
Grid2D.cpp(39): warning C4018: '<' : signed/unsigned mismatch
Grid2D.cpp(51): warning C4244: 'argument' : conversion from 'float' to 'sf::Uint8', possible loss of data
Grid2D.cpp(53): warning C4018: '<' : signed/unsigned mismatch
Grid2D.cpp(54): warning C4018: '<' : signed/unsigned mismatch
Grid2D.cpp(56): warning C4244: 'argument' : conversion from 'float' to 'sf::Uint8', possible loss of data
Grid2D.cpp(59): warning C4244: 'argument' : conversion from 'float' to 'sf::Uint8', possible loss of data
Grid2D.cpp(61): warning C4244: 'argument' : conversion from 'int' to 'float', possible loss of data
  Guard.cpp
  GuardInvestigateState.cpp
GuardInvestigateState.cpp(39): warning C4018: '<' : signed/unsigned mismatch
GuardInvestigateState.cpp(79): warning C4244: '=' : conversion from 'double' to 'float', possible loss of data
  GuardPatrolState.cpp
GuardPatrolState.cpp(39): warning C4018: '<' : signed/unsigned mismatch
GuardPatrolState.cpp(76): warning C4244: '=' : conversion from 'double' to 'float', possible loss of data
  GuardSearchState.cpp
  GuardShootingState.cpp
  GuardStateManager.cpp
  HullManager.cpp
HullManager.cpp(120): warning C4244: 'argument' : conversion from 'int' to 'float', possible loss of data
HullManager.cpp(122): warning C4018: '<' : signed/unsigned mismatch
HullManager.cpp(158): warning C4018: '<' : signed/unsigned mismatch
  InputManager.cpp
  Key.cpp
Key.cpp(14): warning C4244: 'argument' : conversion from 'int' to 'float', possible loss of data
  KeyManager.cpp
KeyManager.cpp(28): warning C4018: '>=' : signed/unsigned mismatch
  Level.cpp
  LightManager.cpp
  LoadingState.cpp
  main.cpp
  Compiling...
  OptionsState.cpp
  PathFinding.cpp
PathFinding.cpp(23): warning C4018: '<' : signed/unsigned mismatch
PathFinding.cpp(28): warning C4018: '<' : signed/unsigned mismatch
PathFinding.cpp(33): warning C4018: '<' : signed/unsigned mismatch
PathFinding.cpp(39): warning C4244: '=' : conversion from 'float' to 'int', possible loss of data
PathFinding.cpp(40): warning C4244: '=' : conversion from 'float' to 'int', possible loss of data
PathFinding.cpp(43): warning C4244: '=' : conversion from 'float' to 'int', possible loss of data
PathFinding.cpp(44): warning C4244: '=' : conversion from 'float' to 'int', possible loss of data
PathFinding.cpp(71): warning C4018: '<' : signed/unsigned mismatch
PathFinding.cpp(93): warning C4018: '<' : signed/unsigned mismatch
PathFinding.cpp(103): warning C4018: '<' : signed/unsigned mismatch
PathFinding.cpp(134): warning C4244: 'argument' : conversion from 'int' to 'float', possible loss of data
PathFinding.cpp(158): warning C4018: '<' : signed/unsigned mismatch
PathFinding.cpp(175): warning C4018: '<' : signed/unsigned mismatch
PathFinding.cpp(188): warning C4018: '<' : signed/unsigned mismatch
  PlayerObject.cpp
PlayerObject.cpp(94): warning C4244: 'argument' : conversion from 'double' to 'float', possible loss of data
PlayerObject.cpp(104): warning C4305: '=' : truncation from 'double' to 'float'
  SearchCell.cpp
  Settings.cpp
Settings.cpp(65): warning C4244: '=' : conversion from 'double' to 'float', possible loss of data
Settings.cpp(66): warning C4244: '=' : conversion from 'double' to 'float', possible loss of data
Settings.cpp(95): warning C4244: '=' : conversion from 'double' to 'float', possible loss of data
Settings.cpp(96): warning C4244: '=' : conversion from 'double' to 'float', possible loss of data
Settings.cpp(108): warning C4244: '=' : conversion from 'double' to 'float', possible loss of data
Settings.cpp(109): warning C4244: '=' : conversion from 'double' to 'float', possible loss of data
  SoundManager.cpp
SoundManager.cpp(122): warning C4018: '<' : signed/unsigned mismatch
  SoundRipple.cpp
SoundRipple.cpp(19): warning C4305: 'initializing' : truncation from 'double' to 'float'
SoundRipple.cpp(53): warning C4018: '<' : signed/unsigned mismatch
SoundRipple.cpp(55): warning C4305: '*=' : truncation from 'double' to 'float'
SoundRipple.cpp(56): warning C4305: '*=' : truncation from 'double' to 'float'
SoundRipple.cpp(58): warning C4244: '*=' : conversion from 'double' to 'sf::Uint8', possible loss of data
  SoundRippleManager.cpp
SoundRippleManager.cpp(35): warning C4018: '<' : signed/unsigned mismatch
SoundRippleManager.cpp(46): warning C4018: '<' : signed/unsigned mismatch
  SpriteManager.cpp
  StartMenuState.cpp
StartMenuState.cpp(380): warning C4244: '=' : conversion from 'float' to 'sf::Uint8', possible loss of data
StartMenuState.cpp(391): warning C4305: '+=' : truncation from 'double' to 'float'
StartMenuState.cpp(633): warning C4018: '<' : signed/unsigned mismatch
StartMenuState.cpp(654): warning C4018: '<' : signed/unsigned mismatch
StartMenuState.cpp(682): warning C4018: '<' : signed/unsigned mismatch
StartMenuState.cpp(693): warning C4018: '<' : signed/unsigned mismatch
StartMenuState.cpp(715): warning C4018: '<' : signed/unsigned mismatch
StartMenuState.cpp(733): warning C4018: '<' : signed/unsigned mismatch
  State.cpp
  StateManager.cpp
  stdafx.cpp
  WallManager.cpp
WallManager.cpp(38): warning C4018: '>=' : signed/unsigned mismatch
WallManager.cpp(53): warning C4018: '>=' : signed/unsigned mismatch
  Generating code
  Finished generating code
  Escape_V2.vcxproj -> C:\Users\Rullis\Documents\GitHub\petulant-octo-cyril\Escape_V2\Release\Escape_V2.exe
