c:\users\spork\desktop\escape_v2\escape_v2\release\engine.obj
c:\users\spork\desktop\escape_v2\escape_v2\release\creditstate.obj
c:\users\spork\desktop\escape_v2\escape_v2\release\collisionmanager.obj
c:\users\spork\desktop\escape_v2\escape_v2\release\background.obj
c:\users\spork\desktop\escape_v2\escape_v2\release\animatedsprite.obj
c:\users\spork\desktop\escape_v2\escape_v2\release\utils.obj
c:\users\spork\desktop\escape_v2\escape_v2\release\staticquadtree.obj
c:\users\spork\desktop\escape_v2\escape_v2\release\quadtreeoccupant.obj
c:\users\spork\desktop\escape_v2\escape_v2\release\quadtreenode.obj
c:\users\spork\desktop\escape_v2\escape_v2\release\quadtree.obj
c:\users\spork\desktop\escape_v2\escape_v2\release\shadowfin.obj
c:\users\spork\desktop\escape_v2\escape_v2\release\light_point.obj
c:\users\spork\desktop\escape_v2\escape_v2\release\lightsystem.obj
c:\users\spork\desktop\escape_v2\escape_v2\release\light.obj
c:\users\spork\desktop\escape_v2\escape_v2\release\emissivelight.obj
c:\users\spork\desktop\escape_v2\escape_v2\release\convexhull.obj
c:\users\spork\desktop\escape_v2\escape_v2\release\vec2f.obj
c:\users\spork\desktop\escape_v2\escape_v2\release\point2i.obj
c:\users\spork\desktop\escape_v2\escape_v2\release\color3f.obj
c:\users\spork\desktop\escape_v2\escape_v2\release\aabb.obj
c:\users\spork\desktop\escape_v2\escape_v2\release\spritemanager.obj
c:\users\spork\desktop\escape_v2\escape_v2\release\soundripplemanager.obj
c:\users\spork\desktop\escape_v2\escape_v2\release\soundripple.obj
c:\users\spork\desktop\escape_v2\escape_v2\release\soundmanager.obj
c:\users\spork\desktop\escape_v2\escape_v2\release\settings.obj
c:\users\spork\desktop\escape_v2\escape_v2\release\playerobject.obj
c:\users\spork\desktop\escape_v2\escape_v2\release\optionsstate.obj
c:\users\spork\desktop\escape_v2\escape_v2\release\main.obj
c:\users\spork\desktop\escape_v2\escape_v2\release\loadingstate.obj
c:\users\spork\desktop\escape_v2\escape_v2\release\lightmanager.obj
c:\users\spork\desktop\escape_v2\escape_v2\release\level.obj
c:\users\spork\desktop\escape_v2\escape_v2\release\inputmanager.obj
c:\users\spork\desktop\escape_v2\escape_v2\release\hullmanager.obj
c:\users\spork\desktop\escape_v2\escape_v2\release\guardstatemanager.obj
c:\users\spork\desktop\escape_v2\escape_v2\release\guardshootingstate.obj
c:\users\spork\desktop\escape_v2\escape_v2\release\guardsearchstate.obj
c:\users\spork\desktop\escape_v2\escape_v2\release\guardpatrolstate.obj
c:\users\spork\desktop\escape_v2\escape_v2\release\guardinvestigatestate.obj
c:\users\spork\desktop\escape_v2\escape_v2\release\guard.obj
c:\users\spork\desktop\escape_v2\escape_v2\release\gamestate.obj
c:\users\spork\desktop\escape_v2\escape_v2\release\wallmanager.obj
c:\users\spork\desktop\escape_v2\escape_v2\release\stdafx.obj
c:\users\spork\desktop\escape_v2\escape_v2\release\statemanager.obj
c:\users\spork\desktop\escape_v2\escape_v2\release\state.obj
c:\users\spork\desktop\escape_v2\escape_v2\release\startmenustate.obj
c:\users\spork\desktop\escape_v2\escape_v2\release\vc110.pdb
c:\users\spork\desktop\escape_v2\release\escape_v2.exe
c:\users\spork\desktop\escape_v2\release\escape_v2.pdb
c:\users\spork\desktop\escape_v2\escape_v2\release\cl.command.1.tlog
c:\users\spork\desktop\escape_v2\escape_v2\release\cl.read.1.tlog
c:\users\spork\desktop\escape_v2\escape_v2\release\cl.write.1.tlog
c:\users\spork\desktop\escape_v2\escape_v2\release\link-cvtres.read.1.tlog
c:\users\spork\desktop\escape_v2\escape_v2\release\link-cvtres.write.1.tlog
c:\users\spork\desktop\escape_v2\escape_v2\release\link-rc.read.1.tlog
c:\users\spork\desktop\escape_v2\escape_v2\release\link-rc.write.1.tlog
c:\users\spork\desktop\escape_v2\escape_v2\release\link.command.1.tlog
c:\users\spork\desktop\escape_v2\escape_v2\release\link.read.1.tlog
c:\users\spork\desktop\escape_v2\escape_v2\release\link.write.1.tlog
